<?xml version="1.0" encoding="UTF-8"?>
<!-- Generated by org.testng.reporters.JUnitXMLReporter -->
<testsuite hostname="LAPTOP-RA2GQFM6" ignored="0" name="Default test" tests="1" failures="0" timestamp="14 Nov 2017 07:07:53 GMT" time="0.232" errors="0">
  <testcase name="@BeforeTest startAppiumServer" time="0.0" classname="com.cbt.zoomcar.util.BaseClass_Android">
    <failure type="org.testng.TestNGException" message="
Parameter &amp;apos;port&amp;apos; is required by BeforeTest on method startAppiumServer but has not been marked @Optional or defined
in C:\Users\VINAY\AppData\Local\Temp\testng-eclipse--1002270552\testng-customsuite.xml">
      <![CDATA[org.testng.TestNGException: 
Parameter 'port' is required by BeforeTest on method startAppiumServer but has not been marked @Optional or defined
in C:\Users\VINAY\AppData\Local\Temp\testng-eclipse--1002270552\testng-customsuite.xml
	at org.testng.internal.Parameters.createParameters(Parameters.java:199)
	at org.testng.internal.Parameters.createParameters(Parameters.java:443)
	at org.testng.internal.Parameters.createConfigurationParameters(Parameters.java:118)
	at org.testng.internal.Invoker.invokeConfigurations(Invoker.java:206)
	at org.testng.internal.Invoker.invokeConfigurations(Invoker.java:146)
	at org.testng.TestRunner.beforeRun(TestRunner.java:626)
	at org.testng.TestRunner.run(TestRunner.java:594)
	at org.testng.SuiteRunner.runTest(SuiteRunner.java:380)
	at org.testng.SuiteRunner.runSequentially(SuiteRunner.java:375)
	at org.testng.SuiteRunner.privateRun(SuiteRunner.java:340)
	at org.testng.SuiteRunner.run(SuiteRunner.java:289)
	at org.testng.SuiteRunnerWorker.runSuite(SuiteRunnerWorker.java:52)
	at org.testng.SuiteRunnerWorker.run(SuiteRunnerWorker.java:86)
	at org.testng.TestNG.runSuitesSequentially(TestNG.java:1301)
	at org.testng.TestNG.runSuitesLocally(TestNG.java:1226)
	at org.testng.TestNG.runSuites(TestNG.java:1144)
	at org.testng.TestNG.run(TestNG.java:1115)
	at org.testng.remote.AbstractRemoteTestNG.run(AbstractRemoteTestNG.java:132)
	at org.testng.remote.RemoteTestNG.initAndRun(RemoteTestNG.java:230)
	at org.testng.remote.RemoteTestNG.main(RemoteTestNG.java:76)
]]>
    </failure>
  </testcase> <!-- @BeforeTest startAppiumServer -->
  <testcase name="tc_1" time="0.014" classname="com.cbt.zoomcar.android.tests.Module1.TC_1">
    <skipped/>
  </testcase> <!-- tc_1 -->
</testsuite> <!-- Default test -->
