<html>
<head>
<title>TestNG:  Module1_ANDROIDdevice1</title>
<link href="../testng.css" rel="stylesheet" type="text/css" />
<link href="../my-testng.css" rel="stylesheet" type="text/css" />

<style type="text/css">
.log { display: none;} 
.stack-trace { display: none;} 
</style>
<script type="text/javascript">
<!--
function flip(e) {
  current = e.style.display;
  if (current == 'block') {
    e.style.display = 'none';
    return 0;
  }
  else {
    e.style.display = 'block';
    return 1;
  }
}

function toggleBox(szDivId, elem, msg1, msg2)
{
  var res = -1;  if (document.getElementById) {
    res = flip(document.getElementById(szDivId));
  }
  else if (document.all) {
    // this is the way old msie versions work
    res = flip(document.all[szDivId]);
  }
  if(elem) {
    if(res == 0) elem.innerHTML = msg1; else elem.innerHTML = msg2;
  }

}

function toggleAllBoxes() {
  if (document.getElementsByTagName) {
    d = document.getElementsByTagName('div');
    for (i = 0; i < d.length; i++) {
      if (d[i].className == 'log') {
        flip(d[i]);
      }
    }
  }
}

// -->
</script>

</head>
<body>
<h2 align='center'>Module1_ANDROIDdevice1</h2><table border='1' align="center">
<tr>
<td>Tests passed/Failed/Skipped:</td><td>0/2/0</td>
</tr><tr>
<td>Started on:</td><td>Fri Dec 08 15:33:50 IST 2017</td>
</tr>
<tr><td>Total time:</td><td>159 seconds (159652 ms)</td>
</tr><tr>
<td>Included groups:</td><td></td>
</tr><tr>
<td>Excluded groups:</td><td></td>
</tr>
</table><p/>
<small><i>(Hover the method name to see the test class name)</i></small><p/>
<table width='100%' border='1' class='invocation-failed'>
<tr><td colspan='4' align='center'><b>FAILED TESTS</b></td></tr>
<tr><td><b>Test method</b></td>
<td width="30%"><b>Exception</b></td>
<td width="10%"><b>Time (seconds)</b></td>
<td><b>Instance</b></td>
</tr>
<tr>
<td title='com.cbt.docsapp.android.tests.Module1.TC_1.TC_1()'><b>TC_1</b><br>Test class: com.cbt.docsapp.android.tests.Module1.TC_1<br>Test method: Add description here<br>Parameters: Micromax AQ4501<br/>
<a href="#Output-209631593" onClick='toggleBox("Output-209631593", this, "Show output", "Hide output");'>Show output</a>

<a href="#Output-209631593" onClick="toggleAllBoxes();">Show all outputs</a>
<div class='log' id="Output-209631593">
STEP1<br/>
STEP2<br/>
STEP5<br/>
STEP7<br/>
</div>
</td>
<td><div><pre>java.lang.AssertionError: Unable to type on mobNumTxtFld
	at com.cbt.docsapp.util.Execution_Android.type(Execution_Android.java:343)
	at com.cbt.docsapp.util.Execution_Android.executeAction(Execution_Android.java:289)
	at com.cbt.docsapp.util.Execution_Android.performAction(Execution_Android.java:267)
	at com.cbt.docsapp.util.Execution_Android.executeStep(Execution_Android.java:133)
	at com.cbt.docsapp.util.Execution_Android.extractEachStep(Execution_Android.java:82)
	at com.cbt.docsapp.util.Execution_Android.getTestStepInfo(Execution_Android.java:73)
	at com.cbt.docsapp.util.ExecuteMapping_AndroidTestcases.executeAction(ExecuteMapping_AndroidTestcases.java:26)
	at com.cbt.docsapp.android.tests.Module1.TC_1.TC_1(TC_1.java:22)
	at java.util.concurrent.FutureTask.run(FutureTask.java:266)
	at java.util.concurrent.ThreadPoolExecutor.runWorker(ThreadPoolExecutor.java:1142)
	at java.util.concurrent.ThreadPoolExecutor$Worker.run(ThreadPoolExecutor.java:617)
	at java.lang.Thread.run(Thread.java:745)
... Removed 17 stack frames</pre></div><a href='#' onClick='toggleBox("stack-trace209631593", this, "Click to show all stack frames", "Click to hide stack frames")'>Click to show all stack frames</a>
<div class='stack-trace' id='stack-trace209631593'><pre>java.lang.AssertionError: Unable to type on mobNumTxtFld
	at org.testng.Assert.fail(Assert.java:93)
	at com.cbt.docsapp.util.Execution_Android.type(Execution_Android.java:343)
	at com.cbt.docsapp.util.Execution_Android.executeAction(Execution_Android.java:289)
	at com.cbt.docsapp.util.Execution_Android.performAction(Execution_Android.java:267)
	at com.cbt.docsapp.util.Execution_Android.executeStep(Execution_Android.java:133)
	at com.cbt.docsapp.util.Execution_Android.extractEachStep(Execution_Android.java:82)
	at com.cbt.docsapp.util.Execution_Android.getTestStepInfo(Execution_Android.java:73)
	at com.cbt.docsapp.util.ExecuteMapping_AndroidTestcases.executeAction(ExecuteMapping_AndroidTestcases.java:26)
	at com.cbt.docsapp.android.tests.Module1.TC_1.TC_1(TC_1.java:22)
	at sun.reflect.NativeMethodAccessorImpl.invoke0(Native Method)
	at sun.reflect.NativeMethodAccessorImpl.invoke(NativeMethodAccessorImpl.java:62)
	at sun.reflect.DelegatingMethodAccessorImpl.invoke(DelegatingMethodAccessorImpl.java:43)
	at java.lang.reflect.Method.invoke(Method.java:497)
	at org.testng.internal.MethodInvocationHelper.invokeMethod(MethodInvocationHelper.java:108)
	at org.testng.internal.Invoker.invokeMethod(Invoker.java:669)
	at org.testng.internal.Invoker.invokeTestMethod(Invoker.java:877)
	at org.testng.internal.Invoker.invokeTestMethods(Invoker.java:1201)
	at org.testng.internal.TestMethodWorker.invokeTestMethods(TestMethodWorker.java:125)
	at org.testng.internal.TestMethodWorker.run(TestMethodWorker.java:109)
	at org.testng.TestRunner.privateRun(TestRunner.java:776)
	at org.testng.TestRunner.run(TestRunner.java:634)
	at org.testng.SuiteRunner.runTest(SuiteRunner.java:425)
	at org.testng.SuiteRunner.access$000(SuiteRunner.java:40)
	at org.testng.SuiteRunner$SuiteWorker.run(SuiteRunner.java:459)
	at org.testng.internal.thread.ThreadUtil$1.call(ThreadUtil.java:52)
	at java.util.concurrent.FutureTask.run(FutureTask.java:266)
	at java.util.concurrent.ThreadPoolExecutor.runWorker(ThreadPoolExecutor.java:1142)
	at java.util.concurrent.ThreadPoolExecutor$Worker.run(ThreadPoolExecutor.java:617)
	at java.lang.Thread.run(Thread.java:745)
</pre></div></td>
<td>22</td>
<td>com.cbt.docsapp.android.tests.Module1.TC_1@55d56113</td></tr>
<tr>
<td title='com.cbt.docsapp.android.tests.Module1.TC_2.TC_2()'><b>TC_2</b><br>Test class: com.cbt.docsapp.android.tests.Module1.TC_2<br>Test method: Add description here<br>Parameters: Micromax AQ4501<br/>
<a href="#Output-1079775737" onClick='toggleBox("Output-1079775737", this, "Show output", "Hide output");'>Show output</a>

<a href="#Output-1079775737" onClick="toggleAllBoxes();">Show all outputs</a>
<div class='log' id="Output-1079775737">
STEP12<br/>
STEP13<br/>
STEP14<br/>
</div>
</td>
<td><div><pre>java.lang.AssertionError: Unable to type on mobNumTxtFld
	at com.cbt.docsapp.util.Execution_Android.type(Execution_Android.java:343)
	at com.cbt.docsapp.util.Execution_Android.executeAction(Execution_Android.java:289)
	at com.cbt.docsapp.util.Execution_Android.performAction(Execution_Android.java:267)
	at com.cbt.docsapp.util.Execution_Android.executeStep(Execution_Android.java:133)
	at com.cbt.docsapp.util.Execution_Android.extractEachStep(Execution_Android.java:82)
	at com.cbt.docsapp.util.Execution_Android.getTestStepInfo(Execution_Android.java:73)
	at com.cbt.docsapp.util.ExecuteMapping_AndroidTestcases.executeAction(ExecuteMapping_AndroidTestcases.java:26)
	at com.cbt.docsapp.android.tests.Module1.TC_2.TC_2(TC_2.java:19)
	at java.util.concurrent.FutureTask.run(FutureTask.java:266)
	at java.util.concurrent.ThreadPoolExecutor.runWorker(ThreadPoolExecutor.java:1142)
	at java.util.concurrent.ThreadPoolExecutor$Worker.run(ThreadPoolExecutor.java:617)
	at java.lang.Thread.run(Thread.java:745)
... Removed 17 stack frames</pre></div><a href='#' onClick='toggleBox("stack-trace1079775737", this, "Click to show all stack frames", "Click to hide stack frames")'>Click to show all stack frames</a>
<div class='stack-trace' id='stack-trace1079775737'><pre>java.lang.AssertionError: Unable to type on mobNumTxtFld
	at org.testng.Assert.fail(Assert.java:93)
	at com.cbt.docsapp.util.Execution_Android.type(Execution_Android.java:343)
	at com.cbt.docsapp.util.Execution_Android.executeAction(Execution_Android.java:289)
	at com.cbt.docsapp.util.Execution_Android.performAction(Execution_Android.java:267)
	at com.cbt.docsapp.util.Execution_Android.executeStep(Execution_Android.java:133)
	at com.cbt.docsapp.util.Execution_Android.extractEachStep(Execution_Android.java:82)
	at com.cbt.docsapp.util.Execution_Android.getTestStepInfo(Execution_Android.java:73)
	at com.cbt.docsapp.util.ExecuteMapping_AndroidTestcases.executeAction(ExecuteMapping_AndroidTestcases.java:26)
	at com.cbt.docsapp.android.tests.Module1.TC_2.TC_2(TC_2.java:19)
	at sun.reflect.NativeMethodAccessorImpl.invoke0(Native Method)
	at sun.reflect.NativeMethodAccessorImpl.invoke(NativeMethodAccessorImpl.java:62)
	at sun.reflect.DelegatingMethodAccessorImpl.invoke(DelegatingMethodAccessorImpl.java:43)
	at java.lang.reflect.Method.invoke(Method.java:497)
	at org.testng.internal.MethodInvocationHelper.invokeMethod(MethodInvocationHelper.java:108)
	at org.testng.internal.Invoker.invokeMethod(Invoker.java:669)
	at org.testng.internal.Invoker.invokeTestMethod(Invoker.java:877)
	at org.testng.internal.Invoker.invokeTestMethods(Invoker.java:1201)
	at org.testng.internal.TestMethodWorker.invokeTestMethods(TestMethodWorker.java:125)
	at org.testng.internal.TestMethodWorker.run(TestMethodWorker.java:109)
	at org.testng.TestRunner.privateRun(TestRunner.java:776)
	at org.testng.TestRunner.run(TestRunner.java:634)
	at org.testng.SuiteRunner.runTest(SuiteRunner.java:425)
	at org.testng.SuiteRunner.access$000(SuiteRunner.java:40)
	at org.testng.SuiteRunner$SuiteWorker.run(SuiteRunner.java:459)
	at org.testng.internal.thread.ThreadUtil$1.call(ThreadUtil.java:52)
	at java.util.concurrent.FutureTask.run(FutureTask.java:266)
	at java.util.concurrent.ThreadPoolExecutor.runWorker(ThreadPoolExecutor.java:1142)
	at java.util.concurrent.ThreadPoolExecutor$Worker.run(ThreadPoolExecutor.java:617)
	at java.lang.Thread.run(Thread.java:745)
</pre></div></td>
<td>23</td>
<td>com.cbt.docsapp.android.tests.Module1.TC_2@148080bb</td></tr>
</table><p>
</body>
</html>