<?xml version="1.0" encoding="UTF-8"?>
<!-- Generated by org.testng.reporters.JUnitXMLReporter -->
<testsuite hostname="CBT-Naveena" ignored="2" name="Module1_ANDROIDdevice2" tests="2" failures="1" timestamp="23 Nov 2017 07:45:28 GMT" time="326.681" errors="0">
  <testcase name="@BeforeClass launch" time="60.973" classname="com.cbt.zoomcar.util.BaseClass_Android">
    <failure type="org.openqa.selenium.WebDriverException" message="An unknown server-side error occurred while processing the command. Original error: Error executing adbExec. Original error: &amp;apos;Command &amp;apos;C\:\\Android\\android-sdk-windows\\platform-tools\\adb.exe -P 5037 -s 10.10.11.153\:5555 shell echo&amp;apos; exited with code 1&amp;apos;; Stderr: &amp;apos;error: device &amp;apos;10.10.11.153:5555&amp;apos; not found&amp;apos;; Code: &amp;apos;1&amp;apos; (WARNING: The server did not provide any stacktrace information)
Command duration or timeout: 60.96 seconds
Build info: version: &amp;apos;3.4.0&amp;apos;, revision: &amp;apos;unknown&amp;apos;, time: &amp;apos;unknown&amp;apos;
System info: host: &amp;apos;CBT-NAVEENA&amp;apos;, ip: &amp;apos;10.10.11.99&amp;apos;, os.name: &amp;apos;Windows 8.1&amp;apos;, os.arch: &amp;apos;amd64&amp;apos;, os.version: &amp;apos;6.3&amp;apos;, java.version: &amp;apos;1.8.0_101&amp;apos;
Driver info: driver.version: AndroidDriver">
      <![CDATA[org.openqa.selenium.WebDriverException: An unknown server-side error occurred while processing the command. Original error: Error executing adbExec. Original error: 'Command 'C\:\\Android\\android-sdk-windows\\platform-tools\\adb.exe -P 5037 -s 10.10.11.153\:5555 shell echo' exited with code 1'; Stderr: 'error: device '10.10.11.153:5555' not found'; Code: '1' (WARNING: The server did not provide any stacktrace information)
Command duration or timeout: 60.96 seconds
Build info: version: '3.4.0', revision: 'unknown', time: 'unknown'
System info: host: 'CBT-NAVEENA', ip: '10.10.11.99', os.name: 'Windows 8.1', os.arch: 'amd64', os.version: '6.3', java.version: '1.8.0_101'
Driver info: driver.version: AndroidDriver
	at org.openqa.selenium.remote.ErrorHandler.createThrowable(ErrorHandler.java:215)
	at org.openqa.selenium.remote.ErrorHandler.throwIfResponseFailed(ErrorHandler.java:167)
	at org.openqa.selenium.remote.JsonWireProtocolResponse.lambda$new$0(JsonWireProtocolResponse.java:53)
	at org.openqa.selenium.remote.JsonWireProtocolResponse.lambda$getResponseFunction$2(JsonWireProtocolResponse.java:91)
	at org.openqa.selenium.remote.ProtocolHandshake.lambda$createSession$22(ProtocolHandshake.java:365)
	at java.util.stream.ReferencePipeline$3$1.accept(ReferencePipeline.java:193)
	at java.util.Spliterators$ArraySpliterator.tryAdvance(Spliterators.java:958)
	at java.util.stream.ReferencePipeline.forEachWithCancel(ReferencePipeline.java:126)
	at java.util.stream.AbstractPipeline.copyIntoWithCancel(AbstractPipeline.java:498)
	at java.util.stream.AbstractPipeline.copyInto(AbstractPipeline.java:485)
	at java.util.stream.AbstractPipeline.wrapAndCopyInto(AbstractPipeline.java:471)
	at java.util.stream.FindOps$FindOp.evaluateSequential(FindOps.java:152)
	at java.util.stream.AbstractPipeline.evaluate(AbstractPipeline.java:234)
	at java.util.stream.ReferencePipeline.findFirst(ReferencePipeline.java:464)
	at org.openqa.selenium.remote.ProtocolHandshake.createSession(ProtocolHandshake.java:368)
	at org.openqa.selenium.remote.ProtocolHandshake.createSession(ProtocolHandshake.java:159)
	at org.openqa.selenium.remote.HttpCommandExecutor.execute(HttpCommandExecutor.java:142)
	at io.appium.java_client.remote.AppiumCommandExecutor.execute(AppiumCommandExecutor.java:69)
	at org.openqa.selenium.remote.RemoteWebDriver.execute(RemoteWebDriver.java:637)
	at io.appium.java_client.DefaultGenericMobileDriver.execute(DefaultGenericMobileDriver.java:40)
	at io.appium.java_client.AppiumDriver.execute(AppiumDriver.java:1)
	at io.appium.java_client.android.AndroidDriver.execute(AndroidDriver.java:1)
	at org.openqa.selenium.remote.RemoteWebDriver.startSession(RemoteWebDriver.java:250)
	at org.openqa.selenium.remote.RemoteWebDriver.startSession(RemoteWebDriver.java:236)
	at org.openqa.selenium.remote.RemoteWebDriver.<init>(RemoteWebDriver.java:137)
	at io.appium.java_client.DefaultGenericMobileDriver.<init>(DefaultGenericMobileDriver.java:36)
	at io.appium.java_client.AppiumDriver.<init>(AppiumDriver.java:114)
	at io.appium.java_client.AppiumDriver.<init>(AppiumDriver.java:132)
	at io.appium.java_client.android.AndroidDriver.<init>(AndroidDriver.java:92)
	at com.cbt.zoomcar.util.BaseClass_Android.launchApp(BaseClass_Android.java:73)
	at com.cbt.zoomcar.util.BaseClass_Android.launch(BaseClass_Android.java:85)
	at java.util.concurrent.FutureTask.run(FutureTask.java:266)
	at java.util.concurrent.ThreadPoolExecutor.runWorker(ThreadPoolExecutor.java:1142)
	at java.util.concurrent.ThreadPoolExecutor$Worker.run(ThreadPoolExecutor.java:617)
	at java.lang.Thread.run(Thread.java:745)
... Removed 20 stack frames]]>
    </failure>
  </testcase> <!-- @BeforeClass launch -->
  <testcase name="@AfterClass resrtApp" time="0.0" classname="com.cbt.zoomcar.util.BaseClass_Android">
    <skipped/>
  </testcase> <!-- @AfterClass resrtApp -->
  <testcase name="TC_1" time="72.361" classname="com.cbt.zoomcar.android.tests.Module1.TC_1">
    <failure type="java.lang.AssertionError" message="Unable to type on EditSearchPlaceEdtBx">
      <![CDATA[java.lang.AssertionError: Unable to type on EditSearchPlaceEdtBx
	at com.cbt.zoomcar.util.Execution_Android.type(Execution_Android.java:340)
	at com.cbt.zoomcar.util.Execution_Android.executeAction(Execution_Android.java:288)
	at com.cbt.zoomcar.util.Execution_Android.performAction(Execution_Android.java:266)
	at com.cbt.zoomcar.util.Execution_Android.executeStep(Execution_Android.java:132)
	at com.cbt.zoomcar.util.Execution_Android.extractEachStep(Execution_Android.java:81)
	at com.cbt.zoomcar.util.Execution_Android.getTestStepInfo(Execution_Android.java:72)
	at com.cbt.zoomcar.util.ExecuteMapping_AndroidTestcases.executeAction(ExecuteMapping_AndroidTestcases.java:26)
	at com.cbt.zoomcar.android.tests.Module1.TC_1.TC_1(TC_1.java:20)
	at java.util.concurrent.FutureTask.run(FutureTask.java:266)
	at java.util.concurrent.ThreadPoolExecutor.runWorker(ThreadPoolExecutor.java:1142)
	at java.util.concurrent.ThreadPoolExecutor$Worker.run(ThreadPoolExecutor.java:617)
	at java.lang.Thread.run(Thread.java:745)
... Removed 17 stack frames]]>
    </failure>
  </testcase> <!-- TC_1 -->
  <testcase name="TC_2" time="0.0" classname="com.cbt.zoomcar.android.tests.Module1.TC_2">
    <skipped/>
  </testcase> <!-- TC_2 -->
  <testcase name="@BeforeTest startAppiumServer" time="0.0" classname="com.cbt.zoomcar.util.BaseClass_Android">
    <ignored/>
  </testcase> <!-- @BeforeTest startAppiumServer -->
  <testcase name="@AfterSuite stopAppiumServer" time="0.0" classname="com.cbt.zoomcar.util.BaseClass_Android">
    <ignored/>
  </testcase> <!-- @AfterSuite stopAppiumServer -->
</testsuite> <!-- Module1_ANDROIDdevice2 -->
