<?xml version="1.0" encoding="UTF-8"?>
<!-- Generated by org.testng.reporters.JUnitXMLReporter -->
<testsuite hostname="CBT-Naveena" ignored="2" name="Module1_ANDROIDdevice1" tests="2" failures="2" timestamp="23 Nov 2017 07:45:20 GMT" time="318.708" errors="0">
  <testcase name="TC_1" time="117.428" classname="com.cbt.zoomcar.android.tests.Module1.TC_1">
    <failure type="java.lang.AssertionError" message="unable to tap on ProccedToPaymentBtn">
      <![CDATA[java.lang.AssertionError: unable to tap on ProccedToPaymentBtn
	at com.cbt.zoomcar.util.Execution_Android.click(Execution_Android.java:312)
	at com.cbt.zoomcar.util.Execution_Android.executeAction(Execution_Android.java:279)
	at com.cbt.zoomcar.util.Execution_Android.performAction(Execution_Android.java:266)
	at com.cbt.zoomcar.util.Execution_Android.executeStep(Execution_Android.java:132)
	at com.cbt.zoomcar.util.Execution_Android.extractEachStep(Execution_Android.java:81)
	at com.cbt.zoomcar.util.Execution_Android.getTestStepInfo(Execution_Android.java:72)
	at com.cbt.zoomcar.util.ExecuteMapping_AndroidTestcases.executeAction(ExecuteMapping_AndroidTestcases.java:26)
	at com.cbt.zoomcar.android.tests.Module1.TC_1.TC_1(TC_1.java:20)
	at java.util.concurrent.FutureTask.run(FutureTask.java:266)
	at java.util.concurrent.ThreadPoolExecutor.runWorker(ThreadPoolExecutor.java:1142)
	at java.util.concurrent.ThreadPoolExecutor$Worker.run(ThreadPoolExecutor.java:617)
	at java.lang.Thread.run(Thread.java:745)
... Removed 17 stack frames]]>
    </failure>
  </testcase> <!-- TC_1 -->
  <testcase name="TC_2" time="135.267" classname="com.cbt.zoomcar.android.tests.Module1.TC_2">
    <failure type="java.lang.AssertionError" message="unable to tap on SignUpBtn">
      <![CDATA[java.lang.AssertionError: unable to tap on SignUpBtn
	at com.cbt.zoomcar.util.Execution_Android.click(Execution_Android.java:309)
	at com.cbt.zoomcar.util.Execution_Android.executeAction(Execution_Android.java:279)
	at com.cbt.zoomcar.util.Execution_Android.performAction(Execution_Android.java:266)
	at com.cbt.zoomcar.util.Execution_Android.executeStep(Execution_Android.java:132)
	at com.cbt.zoomcar.util.Execution_Android.extractEachStep(Execution_Android.java:81)
	at com.cbt.zoomcar.util.Execution_Android.getTestStepInfo(Execution_Android.java:72)
	at com.cbt.zoomcar.util.ExecuteMapping_AndroidTestcases.executeAction(ExecuteMapping_AndroidTestcases.java:26)
	at com.cbt.zoomcar.android.tests.Module1.TC_2.TC_2(TC_2.java:19)
	at java.util.concurrent.FutureTask.run(FutureTask.java:266)
	at java.util.concurrent.ThreadPoolExecutor.runWorker(ThreadPoolExecutor.java:1142)
	at java.util.concurrent.ThreadPoolExecutor$Worker.run(ThreadPoolExecutor.java:617)
	at java.lang.Thread.run(Thread.java:745)
... Removed 17 stack frames]]>
    </failure>
  </testcase> <!-- TC_2 -->
  <testcase name="@BeforeTest startAppiumServer" time="0.0" classname="com.cbt.zoomcar.util.BaseClass_Android">
    <ignored/>
  </testcase> <!-- @BeforeTest startAppiumServer -->
  <testcase name="@AfterSuite stopAppiumServer" time="0.0" classname="com.cbt.zoomcar.util.BaseClass_Android">
    <ignored/>
  </testcase> <!-- @AfterSuite stopAppiumServer -->
</testsuite> <!-- Module1_ANDROIDdevice1 -->
