<?xml version="1.0" encoding="UTF-8"?>
<!-- Generated by org.testng.reporters.JUnitReportReporter -->
<testsuite skipped="0" hostname="CBT-Naveena" name="com.cbt.zoomcar.android.tests.Module1.TC_2" tests="1" failures="1" timestamp="23 Nov 2017 07:31:53 GMT" time="60.282" errors="0">
  <testcase name="TC_2" time="60.282" classname="com.cbt.zoomcar.android.tests.Module1.TC_2">
    <failure type="java.lang.AssertionError" message="Unable to type on EditSearchPlaceEdtBx">
      <![CDATA[java.lang.AssertionError: Unable to type on EditSearchPlaceEdtBx
	at org.testng.Assert.fail(Assert.java:93)
	at com.cbt.zoomcar.util.Execution_Android.type(Execution_Android.java:340)
	at com.cbt.zoomcar.util.Execution_Android.executeAction(Execution_Android.java:288)
	at com.cbt.zoomcar.util.Execution_Android.performAction(Execution_Android.java:266)
	at com.cbt.zoomcar.util.Execution_Android.executeStep(Execution_Android.java:132)
	at com.cbt.zoomcar.util.Execution_Android.extractEachStep(Execution_Android.java:81)
	at com.cbt.zoomcar.util.Execution_Android.getTestStepInfo(Execution_Android.java:72)
	at com.cbt.zoomcar.util.ExecuteMapping_AndroidTestcases.executeAction(ExecuteMapping_AndroidTestcases.java:26)
	at com.cbt.zoomcar.android.tests.Module1.TC_2.TC_2(TC_2.java:19)
	at sun.reflect.NativeMethodAccessorImpl.invoke0(Native Method)
	at sun.reflect.NativeMethodAccessorImpl.invoke(NativeMethodAccessorImpl.java:62)
	at sun.reflect.DelegatingMethodAccessorImpl.invoke(DelegatingMethodAccessorImpl.java:43)
	at java.lang.reflect.Method.invoke(Method.java:498)
	at org.testng.internal.MethodInvocationHelper.invokeMethod(MethodInvocationHelper.java:108)
	at org.testng.internal.Invoker.invokeMethod(Invoker.java:669)
	at org.testng.internal.Invoker.invokeTestMethod(Invoker.java:877)
	at org.testng.internal.Invoker.invokeTestMethods(Invoker.java:1201)
	at org.testng.internal.TestMethodWorker.invokeTestMethods(TestMethodWorker.java:125)
	at org.testng.internal.TestMethodWorker.run(TestMethodWorker.java:109)
	at org.testng.TestRunner.privateRun(TestRunner.java:776)
	at org.testng.TestRunner.run(TestRunner.java:634)
	at org.testng.SuiteRunner.runTest(SuiteRunner.java:425)
	at org.testng.SuiteRunner.access$000(SuiteRunner.java:40)
	at org.testng.SuiteRunner$SuiteWorker.run(SuiteRunner.java:459)
	at org.testng.internal.thread.ThreadUtil$1.call(ThreadUtil.java:52)
	at java.util.concurrent.FutureTask.run(FutureTask.java:266)
	at java.util.concurrent.ThreadPoolExecutor.runWorker(ThreadPoolExecutor.java:1142)
	at java.util.concurrent.ThreadPoolExecutor$Worker.run(ThreadPoolExecutor.java:617)
	at java.lang.Thread.run(Thread.java:745)
]]>
    </failure>
  </testcase> <!-- TC_2 -->
</testsuite> <!-- com.cbt.zoomcar.android.tests.Module1.TC_2 -->
