<!DOCTYPE html PUBLIC "-//W3C//DTD XHTML 1.1//EN" "http://www.w3.org/TR/xhtml11/DTD/xhtml11.dtd">
<html xmlns="http://www.w3.org/1999/xhtml">
<head>
<meta http-equiv="content-type" content="text/html; charset=UTF-8"/>
<title>TestNG Report</title>
<style type="text/css">table {margin-bottom:10px;border-collapse:collapse;empty-cells:show}th,td {border:1px solid #009;padding:.25em .5em}th {vertical-align:bottom}td {vertical-align:top}table a {font-weight:bold}.stripe td {background-color: #E6EBF9}.num {text-align:right}.passedodd td {background-color: #3F3}.passedeven td {background-color: #0A0}.skippedodd td {background-color: #DDD}.skippedeven td {background-color: #CCC}.failedodd td,.attn {background-color: #F33}.failedeven td,.stripe .attn {background-color: #D00}.stacktrace {white-space:pre;font-family:monospace}.totop {font-size:85%;text-align:center;border-bottom:2px solid #000}.invisible {display:none}</style>
</head>
<body>
<table>
<tr><th>Test</th><th># Passed</th><th># Skipped</th><th># Failed</th><th>Time (ms)</th><th>Included Groups</th><th>Excluded Groups</th></tr>
<tr><th colspan="7">Suite</th></tr>
<tr><td><a href="#t0">Module1_ANDROID</a></td><td class="num">1</td><td class="num">0</td><td class="num attn">1</td><td class="num">379,530</td><td></td><td></td></tr>
</table>
<table id='summary'><thead><tr><th>Class</th><th>Method</th><th>Start</th><th>Time (ms)</th></tr></thead><tbody><tr><th colspan="4">Suite</th></tr></tbody><tbody id="t0"><tr><th colspan="4">Module1_ANDROID &#8212; failed (configuration methods)</th></tr><tr class="failedeven"><td rowspan="1">com.cbt.docsapp.android.tests.Module1.TC_1</td><td><a href="#m0">stopAppiumServer</a></td><td rowspan="1">1512731963716</td><td rowspan="1">1513</td></tr><tr><th colspan="4">Module1_ANDROID &#8212; failed</th></tr><tr class="failedeven"><td rowspan="1">com.cbt.docsapp.android.tests.Module1.TC_2</td><td><a href="#m1">TC_2</a></td><td rowspan="1">1512731849042</td><td rowspan="1">113495</td></tr><tr><th colspan="4">Module1_ANDROID &#8212; passed</th></tr><tr class="passedeven"><td rowspan="1">com.cbt.docsapp.android.tests.Module1.TC_1</td><td><a href="#m2">TC_1</a></td><td rowspan="1">1512731693017</td><td rowspan="1">86843</td></tr></tbody>
</table>
<h2>Module1_ANDROID</h2><h3 id="m0">com.cbt.docsapp.android.tests.Module1.TC_1#stopAppiumServer</h3><table class="result"><tr><th>Exception</th></tr><tr><td><div class="stacktrace">org.openqa.selenium.remote.UnreachableBrowserException: Error communicating with the remote browser. It may have died.
Build info: version: &apos;2.53.1&apos;, revision: &apos;a36b8b1cd5757287168e54b817830adce9b0158d&apos;, time: &apos;2016-06-30 19:26:09&apos;
System info: host: &apos;TYSS-MF-034&apos;, ip: &apos;10.10.11.71&apos;, os.name: &apos;Windows 10&apos;, os.arch: &apos;amd64&apos;, os.version: &apos;10.0&apos;, java.version: &apos;1.8.0_60&apos;
Driver info: driver.version: RemoteWebDriver
Capabilities [{app=C:\Users\Administrator\git2\DocsApp-test-automation\DocsApp_com.docsapp.patients.apk, appPackage=com.docsapp.patients, networkConnectionEnabled=true, noReset=false, warnings={}, databaseEnabled=false, deviceName=420076ac967123f9, fullReset=true, platform=LINUX, deviceUDID=420076ac967123f9, appActivity=com.docsapp.patients.app.MainActivity, desired={app=C:\Users\Administrator\git2\DocsApp-test-automation\DocsApp_com.docsapp.patients.apk, appPackage=com.docsapp.patients, noReset=false, deviceName=SM-J200G, fullReset=true, appActivity=com.docsapp.patients.app.MainActivity, newCommandTimeout=60000, platformVersion=5.1.1, automationName=Appium, autoGrantPermissions=true, platformName=Android, udid=420076ac967123f9, autoAcceptAlerts=true}, newCommandTimeout=60000, platformVersion=5.1.1, webStorageEnabled=false, locationContextEnabled=false, automationName=Appium, takesScreenshot=true, autoGrantPermissions=true, javascriptEnabled=true, platformName=Android, udid=420076ac967123f9, autoAcceptAlerts=true}]
Session ID: fd2cf187-5426-402c-be0b-0ffb0afc828a
	at org.openqa.selenium.remote.RemoteWebDriver.execute(RemoteWebDriver.java:665)
	at io.appium.java_client.DefaultGenericMobileDriver.execute(DefaultGenericMobileDriver.java:40)
	at io.appium.java_client.AppiumDriver.execute(AppiumDriver.java:235)
	at org.openqa.selenium.remote.RemoteWebDriver.quit(RemoteWebDriver.java:526)
	at com.cbt.docsapp.util.BaseClass_Android.stopAppiumServer(BaseClass_Android.java:108)
Caused by: org.openqa.selenium.WebDriverException: org.apache.http.conn.HttpHostConnectException: Connect to 127.0.0.1:4729 [/127.0.0.1] failed: Connection refused: connect
Build info: version: &apos;2.53.1&apos;, revision: &apos;a36b8b1cd5757287168e54b817830adce9b0158d&apos;, time: &apos;2016-06-30 19:26:09&apos;
System info: host: &apos;TYSS-MF-034&apos;, ip: &apos;10.10.11.71&apos;, os.name: &apos;Windows 10&apos;, os.arch: &apos;amd64&apos;, os.version: &apos;10.0&apos;, java.version: &apos;1.8.0_60&apos;
Driver info: driver.version: RemoteWebDriver
	at io.appium.java_client.remote.AppiumCommandExecutor.execute(AppiumCommandExecutor.java:84)
	at org.openqa.selenium.remote.RemoteWebDriver.execute(RemoteWebDriver.java:644)
	... 23 more
Caused by: org.apache.http.conn.HttpHostConnectException: Connect to 127.0.0.1:4729 [/127.0.0.1] failed: Connection refused: connect
	at org.apache.http.impl.conn.DefaultHttpClientConnectionOperator.connect(DefaultHttpClientConnectionOperator.java:159)
	at org.apache.http.impl.conn.PoolingHttpClientConnectionManager.connect(PoolingHttpClientConnectionManager.java:359)
	at org.apache.http.impl.execchain.MainClientExec.establishRoute(MainClientExec.java:381)
	at org.apache.http.impl.execchain.MainClientExec.execute(MainClientExec.java:237)
	at org.apache.http.impl.execchain.ProtocolExec.execute(ProtocolExec.java:185)
	at org.apache.http.impl.execchain.RetryExec.execute(RetryExec.java:89)
	at org.apache.http.impl.execchain.RedirectExec.execute(RedirectExec.java:111)
	at org.apache.http.impl.client.InternalHttpClient.doExecute(InternalHttpClient.java:185)
	at org.apache.http.impl.client.CloseableHttpClient.execute(CloseableHttpClient.java:72)
	at org.apache.http.impl.client.CloseableHttpClient.execute(CloseableHttpClient.java:56)
	at org.openqa.selenium.remote.internal.ApacheHttpClient.fallBackExecute(ApacheHttpClient.java:144)
	at org.openqa.selenium.remote.internal.ApacheHttpClient.execute(ApacheHttpClient.java:90)
	at org.openqa.selenium.remote.HttpCommandExecutor.execute(HttpCommandExecutor.java:142)
	at io.appium.java_client.remote.AppiumCommandExecutor.execute(AppiumCommandExecutor.java:69)
	... 24 more
Caused by: java.net.ConnectException: Connection refused: connect
	at java.net.DualStackPlainSocketImpl.waitForConnect(Native Method)
	at java.net.DualStackPlainSocketImpl.socketConnect(DualStackPlainSocketImpl.java:85)
	at java.net.AbstractPlainSocketImpl.doConnect(AbstractPlainSocketImpl.java:350)
	at java.net.AbstractPlainSocketImpl.connectToAddress(AbstractPlainSocketImpl.java:206)
	at java.net.AbstractPlainSocketImpl.connect(AbstractPlainSocketImpl.java:188)
	at java.net.PlainSocketImpl.connect(PlainSocketImpl.java:172)
	at java.net.SocksSocketImpl.connect(SocksSocketImpl.java:392)
	at java.net.Socket.connect(Socket.java:589)
	at org.apache.http.conn.socket.PlainConnectionSocketFactory.connectSocket(PlainConnectionSocketFactory.java:75)
	at org.apache.http.impl.conn.DefaultHttpClientConnectionOperator.connect(DefaultHttpClientConnectionOperator.java:142)
	... 37 more
... Removed 19 stack frames</div></td></tr></table><p class="totop"><a href="#summary">back to summary</a></p>
<h3 id="m1">com.cbt.docsapp.android.tests.Module1.TC_2#TC_2</h3><table class="result"><tr class="param"><th>Parameter #1</th></tr><tr class="param stripe"><td>SM-J200G</td></tr><tr><th>Messages</th></tr><tr><td><div class="messages">STEP10<br/>STEP11<br/>STEP12<br/>STEP13<br/>STEP14<br/>STEP15<br/>STEP16<br/>STEP17<br/>STEP18<br/>STEP19<br/>STEP20<br/>STEP21</div></td></tr><tr><th>Exception</th></tr><tr><td><div class="stacktrace">java.lang.AssertionError: element ConsultADoctorPage is not displayed
	at com.cbt.docsapp.util.Execution_Android.display(Execution_Android.java:359)
	at com.cbt.docsapp.util.Execution_Android.executeAction(Execution_Android.java:291)
	at com.cbt.docsapp.util.Execution_Android.performAction(Execution_Android.java:267)
	at com.cbt.docsapp.util.Execution_Android.executeStep(Execution_Android.java:133)
	at com.cbt.docsapp.util.Execution_Android.extractEachStep(Execution_Android.java:82)
	at com.cbt.docsapp.util.Execution_Android.getTestStepInfo(Execution_Android.java:73)
	at com.cbt.docsapp.util.ExecuteMapping_AndroidTestcases.executeAction(ExecuteMapping_AndroidTestcases.java:26)
	at com.cbt.docsapp.android.tests.Module1.TC_2.TC_2(TC_2.java:19)
	at java.util.concurrent.FutureTask.run(FutureTask.java:266)
	at java.util.concurrent.ThreadPoolExecutor.runWorker(ThreadPoolExecutor.java:1142)
	at java.util.concurrent.ThreadPoolExecutor$Worker.run(ThreadPoolExecutor.java:617)
	at java.lang.Thread.run(Thread.java:745)
... Removed 17 stack frames</div></td></tr></table><p class="totop"><a href="#summary">back to summary</a></p>
<h3 id="m2">com.cbt.docsapp.android.tests.Module1.TC_1#TC_1</h3><table class="result"><tr class="param"><th>Parameter #1</th></tr><tr class="param stripe"><td>SM-J200G</td></tr><tr><th>Messages</th></tr><tr><td><div class="messages">STEP1<br/>STEP2<br/>STEP3<br/>STEP4<br/>STEP5<br/>STEP6<br/>STEP7<br/>STEP8<br/>STEP9</div></td></tr></table><p class="totop"><a href="#summary">back to summary</a></p>
</body>
</html>
