<?xml version="1.0" encoding="UTF-8"?>
<testng-results skipped="0" failed="1" ignored="2" total="4" passed="1">
  <reporter-output>
    <line>
      <![CDATA[STEP1]]>
    </line>
    <line>
      <![CDATA[STEP2]]>
    </line>
    <line>
      <![CDATA[STEP3]]>
    </line>
    <line>
      <![CDATA[STEP4]]>
    </line>
    <line>
      <![CDATA[STEP5]]>
    </line>
    <line>
      <![CDATA[STEP6]]>
    </line>
    <line>
      <![CDATA[STEP7]]>
    </line>
    <line>
      <![CDATA[STEP8]]>
    </line>
    <line>
      <![CDATA[STEP9]]>
    </line>
    <line>
      <![CDATA[STEP10]]>
    </line>
    <line>
      <![CDATA[STEP11]]>
    </line>
    <line>
      <![CDATA[STEP12]]>
    </line>
    <line>
      <![CDATA[STEP13]]>
    </line>
    <line>
      <![CDATA[STEP14]]>
    </line>
    <line>
      <![CDATA[STEP15]]>
    </line>
    <line>
      <![CDATA[STEP16]]>
    </line>
    <line>
      <![CDATA[STEP17]]>
    </line>
    <line>
      <![CDATA[STEP18]]>
    </line>
    <line>
      <![CDATA[STEP19]]>
    </line>
    <line>
      <![CDATA[STEP20]]>
    </line>
    <line>
      <![CDATA[STEP21]]>
    </line>
  </reporter-output>
  <suite name="Suite" duration-ms="379530" started-at="2017-12-08T11:13:04Z" finished-at="2017-12-08T11:19:23Z">
    <groups>
    </groups>
    <test name="Module1_ANDROID" duration-ms="379530" started-at="2017-12-08T11:13:04Z" finished-at="2017-12-08T11:19:23Z">
      <class name="com.cbt.docsapp.android.tests.Module1.TC_2">
        <test-method status="PASS" signature="launch(int, java.lang.String, java.lang.String, java.lang.String)[pri:0, instance:com.cbt.docsapp.android.tests.Module1.TC_2@148080bb]" name="launch" is-config="true" duration-ms="68070" started-at="2017-12-08T16:46:20Z" finished-at="2017-12-08T16:47:29Z">
          <params>
            <param index="0">
              <value>
                <![CDATA[4729]]>
              </value>
            </param>
            <param index="1">
              <value>
                <![CDATA[420076ac967123f9]]>
              </value>
            </param>
            <param index="2">
              <value>
                <![CDATA[5.1.1]]>
              </value>
            </param>
            <param index="3">
              <value>
                <![CDATA[SM-J200G]]>
              </value>
            </param>
          </params>
          <reporter-output>
          </reporter-output>
        </test-method> <!-- launch -->
        <test-method status="FAIL" signature="TC_2(java.lang.String)[pri:0, instance:com.cbt.docsapp.android.tests.Module1.TC_2@148080bb]" name="TC_2" duration-ms="113495" started-at="2017-12-08T16:47:29Z" description="Add description here" finished-at="2017-12-08T16:49:22Z">
          <params>
            <param index="0">
              <value>
                <![CDATA[SM-J200G]]>
              </value>
            </param>
          </params>
          <exception class="java.lang.AssertionError">
            <message>
              <![CDATA[element ConsultADoctorPage is not displayed]]>
            </message>
            <full-stacktrace>
              <![CDATA[java.lang.AssertionError: element ConsultADoctorPage is not displayed
	at org.testng.Assert.fail(Assert.java:93)
	at com.cbt.docsapp.util.Execution_Android.display(Execution_Android.java:359)
	at com.cbt.docsapp.util.Execution_Android.executeAction(Execution_Android.java:291)
	at com.cbt.docsapp.util.Execution_Android.performAction(Execution_Android.java:267)
	at com.cbt.docsapp.util.Execution_Android.executeStep(Execution_Android.java:133)
	at com.cbt.docsapp.util.Execution_Android.extractEachStep(Execution_Android.java:82)
	at com.cbt.docsapp.util.Execution_Android.getTestStepInfo(Execution_Android.java:73)
	at com.cbt.docsapp.util.ExecuteMapping_AndroidTestcases.executeAction(ExecuteMapping_AndroidTestcases.java:26)
	at com.cbt.docsapp.android.tests.Module1.TC_2.TC_2(TC_2.java:19)
	at sun.reflect.NativeMethodAccessorImpl.invoke0(Native Method)
	at sun.reflect.NativeMethodAccessorImpl.invoke(NativeMethodAccessorImpl.java:62)
	at sun.reflect.DelegatingMethodAccessorImpl.invoke(DelegatingMethodAccessorImpl.java:43)
	at java.lang.reflect.Method.invoke(Method.java:497)
	at org.testng.internal.MethodInvocationHelper.invokeMethod(MethodInvocationHelper.java:108)
	at org.testng.internal.Invoker.invokeMethod(Invoker.java:669)
	at org.testng.internal.Invoker.invokeTestMethod(Invoker.java:877)
	at org.testng.internal.Invoker.invokeTestMethods(Invoker.java:1201)
	at org.testng.internal.TestMethodWorker.invokeTestMethods(TestMethodWorker.java:125)
	at org.testng.internal.TestMethodWorker.run(TestMethodWorker.java:109)
	at org.testng.TestRunner.privateRun(TestRunner.java:776)
	at org.testng.TestRunner.run(TestRunner.java:634)
	at org.testng.SuiteRunner.runTest(SuiteRunner.java:425)
	at org.testng.SuiteRunner.access$000(SuiteRunner.java:40)
	at org.testng.SuiteRunner$SuiteWorker.run(SuiteRunner.java:459)
	at org.testng.internal.thread.ThreadUtil$1.call(ThreadUtil.java:52)
	at java.util.concurrent.FutureTask.run(FutureTask.java:266)
	at java.util.concurrent.ThreadPoolExecutor.runWorker(ThreadPoolExecutor.java:1142)
	at java.util.concurrent.ThreadPoolExecutor$Worker.run(ThreadPoolExecutor.java:617)
	at java.lang.Thread.run(Thread.java:745)
]]>
            </full-stacktrace>
          </exception> <!-- java.lang.AssertionError -->
          <reporter-output>
            <line>
              <![CDATA[STEP10]]>
            </line>
            <line>
              <![CDATA[STEP11]]>
            </line>
            <line>
              <![CDATA[STEP12]]>
            </line>
            <line>
              <![CDATA[STEP13]]>
            </line>
            <line>
              <![CDATA[STEP14]]>
            </line>
            <line>
              <![CDATA[STEP15]]>
            </line>
            <line>
              <![CDATA[STEP16]]>
            </line>
            <line>
              <![CDATA[STEP17]]>
            </line>
            <line>
              <![CDATA[STEP18]]>
            </line>
            <line>
              <![CDATA[STEP19]]>
            </line>
            <line>
              <![CDATA[STEP20]]>
            </line>
            <line>
              <![CDATA[STEP21]]>
            </line>
          </reporter-output>
        </test-method> <!-- TC_2 -->
        <test-method status="PASS" signature="resrtApp()[pri:0, instance:com.cbt.docsapp.android.tests.Module1.TC_2@148080bb]" name="resrtApp" is-config="true" duration-ms="1057" started-at="2017-12-08T16:49:22Z" finished-at="2017-12-08T16:49:23Z">
          <reporter-output>
          </reporter-output>
        </test-method> <!-- resrtApp -->
      </class> <!-- com.cbt.docsapp.android.tests.Module1.TC_2 -->
      <class name="com.cbt.docsapp.android.tests.Module1.TC_1">
        <test-method status="PASS" signature="startAppiumServer(int, java.lang.String, java.lang.String, java.lang.String)[pri:0, instance:com.cbt.docsapp.android.tests.Module1.TC_1@55d56113]" name="startAppiumServer" is-config="true" duration-ms="59776" started-at="2017-12-08T16:43:04Z" finished-at="2017-12-08T16:44:03Z">
          <params>
            <param index="0">
              <value>
                <![CDATA[4729]]>
              </value>
            </param>
            <param index="1">
              <value>
                <![CDATA[420076ac967123f9]]>
              </value>
            </param>
            <param index="2">
              <value>
                <![CDATA[5.1.1]]>
              </value>
            </param>
            <param index="3">
              <value>
                <![CDATA[SM-J200G]]>
              </value>
            </param>
          </params>
          <reporter-output>
          </reporter-output>
        </test-method> <!-- startAppiumServer -->
        <test-method status="PASS" signature="launch(int, java.lang.String, java.lang.String, java.lang.String)[pri:0, instance:com.cbt.docsapp.android.tests.Module1.TC_1@55d56113]" name="launch" is-config="true" duration-ms="49124" started-at="2017-12-08T16:44:03Z" finished-at="2017-12-08T16:44:53Z">
          <params>
            <param index="0">
              <value>
                <![CDATA[4729]]>
              </value>
            </param>
            <param index="1">
              <value>
                <![CDATA[420076ac967123f9]]>
              </value>
            </param>
            <param index="2">
              <value>
                <![CDATA[5.1.1]]>
              </value>
            </param>
            <param index="3">
              <value>
                <![CDATA[SM-J200G]]>
              </value>
            </param>
          </params>
          <reporter-output>
          </reporter-output>
        </test-method> <!-- launch -->
        <test-method status="PASS" signature="TC_1(java.lang.String)[pri:0, instance:com.cbt.docsapp.android.tests.Module1.TC_1@55d56113]" name="TC_1" duration-ms="86843" started-at="2017-12-08T16:44:53Z" description="Add description here" finished-at="2017-12-08T16:46:19Z">
          <params>
            <param index="0">
              <value>
                <![CDATA[SM-J200G]]>
              </value>
            </param>
          </params>
          <reporter-output>
            <line>
              <![CDATA[STEP1]]>
            </line>
            <line>
              <![CDATA[STEP2]]>
            </line>
            <line>
              <![CDATA[STEP3]]>
            </line>
            <line>
              <![CDATA[STEP4]]>
            </line>
            <line>
              <![CDATA[STEP5]]>
            </line>
            <line>
              <![CDATA[STEP6]]>
            </line>
            <line>
              <![CDATA[STEP7]]>
            </line>
            <line>
              <![CDATA[STEP8]]>
            </line>
            <line>
              <![CDATA[STEP9]]>
            </line>
          </reporter-output>
        </test-method> <!-- TC_1 -->
        <test-method status="PASS" signature="resrtApp()[pri:0, instance:com.cbt.docsapp.android.tests.Module1.TC_1@55d56113]" name="resrtApp" is-config="true" duration-ms="1110" started-at="2017-12-08T16:46:19Z" finished-at="2017-12-08T16:46:20Z">
          <reporter-output>
          </reporter-output>
        </test-method> <!-- resrtApp -->
        <test-method status="FAIL" signature="stopAppiumServer()[pri:0, instance:com.cbt.docsapp.android.tests.Module1.TC_1@55d56113]" name="stopAppiumServer" is-config="true" duration-ms="1513" started-at="2017-12-08T16:49:23Z" finished-at="2017-12-08T16:49:25Z">
          <exception class="org.openqa.selenium.remote.UnreachableBrowserException">
            <message>
              <![CDATA[Error communicating with the remote browser. It may have died.
Build info: version: '2.53.1', revision: 'a36b8b1cd5757287168e54b817830adce9b0158d', time: '2016-06-30 19:26:09'
System info: host: 'TYSS-MF-034', ip: '10.10.11.71', os.name: 'Windows 10', os.arch: 'amd64', os.version: '10.0', java.version: '1.8.0_60'
Driver info: driver.version: RemoteWebDriver
Capabilities [{app=C:\Users\Administrator\git2\DocsApp-test-automation\DocsApp_com.docsapp.patients.apk, appPackage=com.docsapp.patients, networkConnectionEnabled=true, noReset=false, warnings={}, databaseEnabled=false, deviceName=420076ac967123f9, fullReset=true, platform=LINUX, deviceUDID=420076ac967123f9, appActivity=com.docsapp.patients.app.MainActivity, desired={app=C:\Users\Administrator\git2\DocsApp-test-automation\DocsApp_com.docsapp.patients.apk, appPackage=com.docsapp.patients, noReset=false, deviceName=SM-J200G, fullReset=true, appActivity=com.docsapp.patients.app.MainActivity, newCommandTimeout=60000, platformVersion=5.1.1, automationName=Appium, autoGrantPermissions=true, platformName=Android, udid=420076ac967123f9, autoAcceptAlerts=true}, newCommandTimeout=60000, platformVersion=5.1.1, webStorageEnabled=false, locationContextEnabled=false, automationName=Appium, takesScreenshot=true, autoGrantPermissions=true, javascriptEnabled=true, platformName=Android, udid=420076ac967123f9, autoAcceptAlerts=true}]
Session ID: fd2cf187-5426-402c-be0b-0ffb0afc828a]]>
            </message>
            <full-stacktrace>
              <![CDATA[org.openqa.selenium.remote.UnreachableBrowserException: Error communicating with the remote browser. It may have died.
Build info: version: '2.53.1', revision: 'a36b8b1cd5757287168e54b817830adce9b0158d', time: '2016-06-30 19:26:09'
System info: host: 'TYSS-MF-034', ip: '10.10.11.71', os.name: 'Windows 10', os.arch: 'amd64', os.version: '10.0', java.version: '1.8.0_60'
Driver info: driver.version: RemoteWebDriver
Capabilities [{app=C:\Users\Administrator\git2\DocsApp-test-automation\DocsApp_com.docsapp.patients.apk, appPackage=com.docsapp.patients, networkConnectionEnabled=true, noReset=false, warnings={}, databaseEnabled=false, deviceName=420076ac967123f9, fullReset=true, platform=LINUX, deviceUDID=420076ac967123f9, appActivity=com.docsapp.patients.app.MainActivity, desired={app=C:\Users\Administrator\git2\DocsApp-test-automation\DocsApp_com.docsapp.patients.apk, appPackage=com.docsapp.patients, noReset=false, deviceName=SM-J200G, fullReset=true, appActivity=com.docsapp.patients.app.MainActivity, newCommandTimeout=60000, platformVersion=5.1.1, automationName=Appium, autoGrantPermissions=true, platformName=Android, udid=420076ac967123f9, autoAcceptAlerts=true}, newCommandTimeout=60000, platformVersion=5.1.1, webStorageEnabled=false, locationContextEnabled=false, automationName=Appium, takesScreenshot=true, autoGrantPermissions=true, javascriptEnabled=true, platformName=Android, udid=420076ac967123f9, autoAcceptAlerts=true}]
Session ID: fd2cf187-5426-402c-be0b-0ffb0afc828a
	at org.openqa.selenium.remote.RemoteWebDriver.execute(RemoteWebDriver.java:665)
	at io.appium.java_client.DefaultGenericMobileDriver.execute(DefaultGenericMobileDriver.java:40)
	at io.appium.java_client.AppiumDriver.execute(AppiumDriver.java:235)
	at org.openqa.selenium.remote.RemoteWebDriver.quit(RemoteWebDriver.java:526)
	at com.cbt.docsapp.util.BaseClass_Android.stopAppiumServer(BaseClass_Android.java:108)
	at sun.reflect.NativeMethodAccessorImpl.invoke0(Native Method)
	at sun.reflect.NativeMethodAccessorImpl.invoke(NativeMethodAccessorImpl.java:62)
	at sun.reflect.DelegatingMethodAccessorImpl.invoke(DelegatingMethodAccessorImpl.java:43)
	at java.lang.reflect.Method.invoke(Method.java:497)
	at org.testng.internal.MethodInvocationHelper.invokeMethod(MethodInvocationHelper.java:108)
	at org.testng.internal.Invoker.invokeConfigurationMethod(Invoker.java:523)
	at org.testng.internal.Invoker.invokeConfigurations(Invoker.java:224)
	at org.testng.internal.Invoker.invokeConfigurations(Invoker.java:146)
	at org.testng.SuiteRunner.privateRun(SuiteRunner.java:395)
	at org.testng.SuiteRunner.run(SuiteRunner.java:334)
	at org.testng.SuiteRunnerWorker.runSuite(SuiteRunnerWorker.java:52)
	at org.testng.SuiteRunnerWorker.run(SuiteRunnerWorker.java:86)
	at org.testng.TestNG.runSuitesSequentially(TestNG.java:1318)
	at org.testng.TestNG.runSuitesLocally(TestNG.java:1243)
	at org.testng.TestNG.runSuites(TestNG.java:1161)
	at org.testng.TestNG.run(TestNG.java:1129)
	at org.testng.remote.AbstractRemoteTestNG.run(AbstractRemoteTestNG.java:114)
	at org.testng.remote.RemoteTestNG.initAndRun(RemoteTestNG.java:251)
	at org.testng.remote.RemoteTestNG.main(RemoteTestNG.java:77)
Caused by: org.openqa.selenium.WebDriverException: org.apache.http.conn.HttpHostConnectException: Connect to 127.0.0.1:4729 [/127.0.0.1] failed: Connection refused: connect
Build info: version: '2.53.1', revision: 'a36b8b1cd5757287168e54b817830adce9b0158d', time: '2016-06-30 19:26:09'
System info: host: 'TYSS-MF-034', ip: '10.10.11.71', os.name: 'Windows 10', os.arch: 'amd64', os.version: '10.0', java.version: '1.8.0_60'
Driver info: driver.version: RemoteWebDriver
	at io.appium.java_client.remote.AppiumCommandExecutor.execute(AppiumCommandExecutor.java:84)
	at org.openqa.selenium.remote.RemoteWebDriver.execute(RemoteWebDriver.java:644)
	... 23 more
Caused by: org.apache.http.conn.HttpHostConnectException: Connect to 127.0.0.1:4729 [/127.0.0.1] failed: Connection refused: connect
	at org.apache.http.impl.conn.DefaultHttpClientConnectionOperator.connect(DefaultHttpClientConnectionOperator.java:159)
	at org.apache.http.impl.conn.PoolingHttpClientConnectionManager.connect(PoolingHttpClientConnectionManager.java:359)
	at org.apache.http.impl.execchain.MainClientExec.establishRoute(MainClientExec.java:381)
	at org.apache.http.impl.execchain.MainClientExec.execute(MainClientExec.java:237)
	at org.apache.http.impl.execchain.ProtocolExec.execute(ProtocolExec.java:185)
	at org.apache.http.impl.execchain.RetryExec.execute(RetryExec.java:89)
	at org.apache.http.impl.execchain.RedirectExec.execute(RedirectExec.java:111)
	at org.apache.http.impl.client.InternalHttpClient.doExecute(InternalHttpClient.java:185)
	at org.apache.http.impl.client.CloseableHttpClient.execute(CloseableHttpClient.java:72)
	at org.apache.http.impl.client.CloseableHttpClient.execute(CloseableHttpClient.java:56)
	at org.openqa.selenium.remote.internal.ApacheHttpClient.fallBackExecute(ApacheHttpClient.java:144)
	at org.openqa.selenium.remote.internal.ApacheHttpClient.execute(ApacheHttpClient.java:90)
	at org.openqa.selenium.remote.HttpCommandExecutor.execute(HttpCommandExecutor.java:142)
	at io.appium.java_client.remote.AppiumCommandExecutor.execute(AppiumCommandExecutor.java:69)
	... 24 more
Caused by: java.net.ConnectException: Connection refused: connect
	at java.net.DualStackPlainSocketImpl.waitForConnect(Native Method)
	at java.net.DualStackPlainSocketImpl.socketConnect(DualStackPlainSocketImpl.java:85)
	at java.net.AbstractPlainSocketImpl.doConnect(AbstractPlainSocketImpl.java:350)
	at java.net.AbstractPlainSocketImpl.connectToAddress(AbstractPlainSocketImpl.java:206)
	at java.net.AbstractPlainSocketImpl.connect(AbstractPlainSocketImpl.java:188)
	at java.net.PlainSocketImpl.connect(PlainSocketImpl.java:172)
	at java.net.SocksSocketImpl.connect(SocksSocketImpl.java:392)
	at java.net.Socket.connect(Socket.java:589)
	at org.apache.http.conn.socket.PlainConnectionSocketFactory.connectSocket(PlainConnectionSocketFactory.java:75)
	at org.apache.http.impl.conn.DefaultHttpClientConnectionOperator.connect(DefaultHttpClientConnectionOperator.java:142)
	... 37 more
]]>
            </full-stacktrace>
          </exception> <!-- org.openqa.selenium.remote.UnreachableBrowserException -->
          <reporter-output>
          </reporter-output>
        </test-method> <!-- stopAppiumServer -->
      </class> <!-- com.cbt.docsapp.android.tests.Module1.TC_1 -->
    </test> <!-- Module1_ANDROID -->
  </suite> <!-- Suite -->
</testng-results>
